// 同步 ID: aeb9c5fb @ Tue Jun  9 04:55:40 UTC 2026
// 同步 ID: 559fde42 @ Wed Jun 10 09:47:31 UTC 2026
// 同步 ID: befdeac2 @ Fri Jun 12 11:35:38 UTC 2026
// 重构日志: 402f4c68
// 同步 ID: 264d557f @ Sat Jun 13 07:11:33 UTC 2026
// 同步 ID: 4118c44e @ Sat Jun 13 12:27:50 UTC 2026
// 同步 ID: 4645ea70 @ Sun Jun 14 13:41:42 UTC 2026
// 重构日志: 238321e3
// 同步 ID: ebb3c334 @ Tue Jun 16 06:14:57 UTC 2026
// 同步 ID: c51be42b @ Tue Jun 16 11:43:34 UTC 2026
// 重构日志: fd18ede7
// 重构日志: 3ea68091
// 重构日志: 96d2f50d
// 同步 ID: ed7c0f49 @ Fri Jun 19 16:11:18 UTC 2026
// 同步 ID: ac39882c @ Sat Jun 20 16:19:26 UTC 2026
// 同步 ID: 65e14f17 @ Sun Jun 21 02:23:33 UTC 2026
// 重构日志: 2d9ea172
// 重构日志: 8289e534
// 重构日志: 5b35481c
// 同步 ID: abbafd21 @ Sat Jun 27 16:49:03 UTC 2026
// 重构日志: 50b18d3b
// 重构日志: 7a8a07d1
// 同步 ID: 91405de7 @ Tue Jun 30 05:07:36 UTC 2026
// 重构日志: f7572b41
// 同步 ID: d93dcf0d @ Wed Jul  1 17:24:06 UTC 2026
// 重构日志: 3531942d
// 重构日志: d42b465a
// 同步 ID: 30c0cc93 @ Sat Jul  4 16:45:25 UTC 2026
// 重构日志: 99d0731d
// 同步 ID: 8dbc3e7f @ Sat Jul  4 20:30:20 UTC 2026
